[debug] [2021-10-15T01:29:46.038Z] ----------------------------------------------------------------------
[debug] [2021-10-15T01:29:46.041Z] Command:       C:\Program Files\nodejs\node.exe C:\Program Files\nodejs\node_modules\firebase-tools\lib\bin\firebase.js deploy --only hosting:montabaco
[debug] [2021-10-15T01:29:46.042Z] CLI Version:   9.20.0
[debug] [2021-10-15T01:29:46.042Z] Platform:      win32
[debug] [2021-10-15T01:29:46.042Z] Node Version:  v12.22.4
[debug] [2021-10-15T01:29:46.044Z] Time:          Thu Oct 14 2021 22:29:46 GMT-0300 (GMT-03:00)
[debug] [2021-10-15T01:29:46.044Z] ----------------------------------------------------------------------
[debug] 
[debug] [2021-10-15T01:29:46.047Z] >>> [apiv2][query] GET https://firebase-public.firebaseio.com/cli.json [none]
[debug] [2021-10-15T01:29:46.171Z] > command requires scopes: ["email","openid","https://www.googleapis.com/auth/cloudplatformprojects.readonly","https://www.googleapis.com/auth/firebase","https://www.googleapis.com/auth/cloud-platform"]
[debug] [2021-10-15T01:29:46.172Z] > authorizing via signed-in user (dev.kleber@gmail.com)
[debug] [2021-10-15T01:29:46.172Z] [iam] checking project montabaco for permissions ["firebase.projects.get","firebasehosting.sites.update"]
[debug] [2021-10-15T01:29:46.174Z] > refreshing access token with scopes: ["email","https://www.googleapis.com/auth/cloud-platform","https://www.googleapis.com/auth/cloudplatformprojects.readonly","https://www.googleapis.com/auth/firebase","openid"]
[debug] [2021-10-15T01:29:46.174Z] >>> HTTP REQUEST POST https://www.googleapis.com/oauth2/v3/token  
 <request body omitted>
[debug] [2021-10-15T01:29:46.363Z] <<< HTTP RESPONSE 200 {"date":"Fri, 15 Oct 2021 01:29:46 GMT","cache-control":"no-cache, no-store, max-age=0, must-revalidate","pragma":"no-cache","expires":"Mon, 01 Jan 1990 00:00:00 GMT","content-type":"application/json; charset=utf-8","vary":"X-Origin, Referer, Origin,Accept-Encoding","server":"scaffolding on HTTPServer2","x-xss-protection":"0","x-frame-options":"SAMEORIGIN","x-content-type-options":"nosniff","alt-svc":"h3=\":443\"; ma=2592000,h3-29=\":443\"; ma=2592000,h3-T051=\":443\"; ma=2592000,h3-Q050=\":443\"; ma=2592000,h3-Q046=\":443\"; ma=2592000,h3-Q043=\":443\"; ma=2592000,quic=\":443\"; ma=2592000; v=\"46,43\"","accept-ranges":"none","transfer-encoding":"chunked"}
[debug] [2021-10-15T01:29:46.380Z] >>> HTTP REQUEST POST https://cloudresourcemanager.googleapis.com/v1/projects/montabaco:testIamPermissions  
 {"permissions":["firebase.projects.get","firebasehosting.sites.update"]}
[debug] [2021-10-15T01:29:46.654Z] <<< [apiv2][status] GET https://firebase-public.firebaseio.com/cli.json 200
[debug] [2021-10-15T01:29:46.655Z] <<< [apiv2][body] GET https://firebase-public.firebaseio.com/cli.json {"cloudBuildErrorAfter":1594252800000,"cloudBuildWarnAfter":1590019200000,"defaultNode10After":1594252800000,"minVersion":"3.0.5","node8DeploysDisabledAfter":1613390400000,"node8RuntimeDisabledAfter":1615809600000,"node8WarnAfter":1600128000000}
[debug] [2021-10-15T01:29:47.340Z] <<< HTTP RESPONSE 200 {"content-type":"application/json; charset=UTF-8","vary":"X-Origin, Referer, Origin,Accept-Encoding","date":"Fri, 15 Oct 2021 01:29:47 GMT","server":"ESF","cache-control":"private","x-xss-protection":"0","x-frame-options":"SAMEORIGIN","x-content-type-options":"nosniff","server-timing":"gfet4t7; dur=743","alt-svc":"h3=\":443\"; ma=2592000,h3-29=\":443\"; ma=2592000,h3-T051=\":443\"; ma=2592000,h3-Q050=\":443\"; ma=2592000,h3-Q046=\":443\"; ma=2592000,h3-Q043=\":443\"; ma=2592000,quic=\":443\"; ma=2592000; v=\"46,43\"","accept-ranges":"none","transfer-encoding":"chunked"}
[debug] [2021-10-15T01:29:47.343Z] > refreshing access token with scopes: []
[debug] [2021-10-15T01:29:47.343Z] >>> HTTP REQUEST POST https://www.googleapis.com/oauth2/v3/token  
 <request body omitted>
[debug] [2021-10-15T01:29:47.590Z] <<< HTTP RESPONSE 200 {"cache-control":"no-cache, no-store, max-age=0, must-revalidate","date":"Fri, 15 Oct 2021 01:29:47 GMT","expires":"Mon, 01 Jan 1990 00:00:00 GMT","pragma":"no-cache","content-type":"application/json; charset=utf-8","vary":"X-Origin, Referer, Origin,Accept-Encoding","server":"scaffolding on HTTPServer2","x-xss-protection":"0","x-frame-options":"SAMEORIGIN","x-content-type-options":"nosniff","alt-svc":"h3=\":443\"; ma=2592000,h3-29=\":443\"; ma=2592000,h3-T051=\":443\"; ma=2592000,h3-Q050=\":443\"; ma=2592000,h3-Q046=\":443\"; ma=2592000,h3-Q043=\":443\"; ma=2592000,quic=\":443\"; ma=2592000; v=\"46,43\"","accept-ranges":"none","transfer-encoding":"chunked"}
[debug] [2021-10-15T01:29:47.607Z] >>> [apiv2][query] GET https://firebase.googleapis.com/v1beta1/projects/montabaco [none]
[debug] [2021-10-15T01:29:48.665Z] <<< [apiv2][status] GET https://firebase.googleapis.com/v1beta1/projects/montabaco 404
[debug] [2021-10-15T01:29:48.665Z] <<< [apiv2][body] GET https://firebase.googleapis.com/v1beta1/projects/montabaco {"error":{"code":404,"message":"Requested entity was not found.","status":"NOT_FOUND"}}
[debug] [2021-10-15T01:29:48.666Z] HTTP Error: 404, Requested entity was not found.
[debug] [2021-10-15T01:29:48.805Z] FirebaseError: HTTP Error: 404, Requested entity was not found.
    at module.exports (C:\Program Files\nodejs\node_modules\firebase-tools\lib\responseToError.js:38:12)
    at Client.doRequest (C:\Program Files\nodejs\node_modules\firebase-tools\lib\apiv2.js:238:23)
    at processTicksAndRejections (internal/process/task_queues.js:97:5)
    at async Client.request (C:\Program Files\nodejs\node_modules\firebase-tools\lib\apiv2.js:96:20)
    at async Object.getFirebaseProject (C:\Program Files\nodejs\node_modules\firebase-tools\lib\management\projects.js:290:21)
    at async Object.getDefaultHostingSite (C:\Program Files\nodejs\node_modules\firebase-tools\lib\getDefaultHostingSite.js:8:21)
    at async requireHostingSite (C:\Program Files\nodejs\node_modules\firebase-tools\lib\requireHostingSite.js:9:18)
    at async Object.fn (C:\Program Files\nodejs\node_modules\firebase-tools\lib\commands\deploy.js:65:9)
    at async C:\Program Files\nodejs\node_modules\firebase-tools\lib\command.js:188:17
[error] 
[error] Error: Failed to get Firebase project montabaco. Please make sure the project exists and your account has permission to access it.
